-- The C compiler identification is GNU 13.3.0
-- The CXX compiler identification is GNU 13.3.0
-- Detecting C compiler ABI info
-- Detecting C compiler ABI info - done
-- Check for working C compiler: /usr/bin/cc - skipped
-- Detecting C compile features
-- Detecting C compile features - done
-- Detecting CXX compiler ABI info
-- Detecting CXX compiler ABI info - done
-- Check for working CXX compiler: /usr/bin/c++ - skipped
-- Detecting CXX compile features
-- Detecting CXX compile features - done
-- Found ament_cmake: 2.5.4 (/opt/ros/jazzy/share/ament_cmake/cmake)
-- Found Python3: /usr/bin/python3 (found version "3.12.3") found components: Interpreter 
-- Override CMake install command with custom implementation using symlinks instead of copying resources
-- Found ament_lint_auto: 0.17.2 (/opt/ros/jazzy/share/ament_lint_auto/cmake)
-- Configuring done (0.5s)
-- Generating done (0.0s)
-- Build files have been written to: /home/alan-jose-varghese/simulation/MAPF_Sim/build/diff_drive_robot
-- Install configuration: ""
-- Execute custom install script
-- Symlinking: /home/alan-jose-varghese/simulation/MAPF_Sim/install/diff_drive_robot/share/diff_drive_robot/launch/robot.launch.py
-- Symlinking: /home/alan-jose-varghese/simulation/MAPF_Sim/install/diff_drive_robot/share/diff_drive_robot/launch/robot_multi.launch.py
-- Symlinking: /home/alan-jose-varghese/simulation/MAPF_Sim/install/diff_drive_robot/share/diff_drive_robot/launch/rsp.launch.py
-- Symlinking: /home/alan-jose-varghese/simulation/MAPF_Sim/install/diff_drive_robot/share/diff_drive_robot/urdf/gazebo_control.xacro
-- Symlinking: /home/alan-jose-varghese/simulation/MAPF_Sim/install/diff_drive_robot/share/diff_drive_robot/urdf/inertial_macros.xacro
-- Symlinking: /home/alan-jose-varghese/simulation/MAPF_Sim/install/diff_drive_robot/share/diff_drive_robot/urdf/lidar.xacro
-- Symlinking: /home/alan-jose-varghese/simulation/MAPF_Sim/install/diff_drive_robot/share/diff_drive_robot/urdf/robot.urdf.xacro
-- Symlinking: /home/alan-jose-varghese/simulation/MAPF_Sim/install/diff_drive_robot/share/diff_drive_robot/urdf/robot_core.xacro
-- Symlinking: /home/alan-jose-varghese/simulation/MAPF_Sim/install/diff_drive_robot/share/diff_drive_robot/config/gz_bridge.yaml
-- Symlinking: /home/alan-jose-varghese/simulation/MAPF_Sim/install/diff_drive_robot/share/diff_drive_robot/worlds/empty.world
-- Symlinking: /home/alan-jose-varghese/simulation/MAPF_Sim/install/diff_drive_robot/share/diff_drive_robot/worlds/obstacles.world
-- Symlinking: /home/alan-jose-varghese/simulation/MAPF_Sim/install/diff_drive_robot/share/diff_drive_robot/rviz/bot.rviz
-- Symlinking: /home/alan-jose-varghese/simulation/MAPF_Sim/install/diff_drive_robot/share/ament_index/resource_index/package_run_dependencies/diff_drive_robot
-- Symlinking: /home/alan-jose-varghese/simulation/MAPF_Sim/install/diff_drive_robot/share/ament_index/resource_index/parent_prefix_path/diff_drive_robot
-- Symlinking: /home/alan-jose-varghese/simulation/MAPF_Sim/install/diff_drive_robot/share/diff_drive_robot/environment/ament_prefix_path.sh
-- Symlinking: /home/alan-jose-varghese/simulation/MAPF_Sim/install/diff_drive_robot/share/diff_drive_robot/environment/ament_prefix_path.dsv
-- Symlinking: /home/alan-jose-varghese/simulation/MAPF_Sim/install/diff_drive_robot/share/diff_drive_robot/environment/path.sh
-- Symlinking: /home/alan-jose-varghese/simulation/MAPF_Sim/install/diff_drive_robot/share/diff_drive_robot/environment/path.dsv
-- Symlinking: /home/alan-jose-varghese/simulation/MAPF_Sim/install/diff_drive_robot/share/diff_drive_robot/local_setup.bash
-- Symlinking: /home/alan-jose-varghese/simulation/MAPF_Sim/install/diff_drive_robot/share/diff_drive_robot/local_setup.sh
-- Symlinking: /home/alan-jose-varghese/simulation/MAPF_Sim/install/diff_drive_robot/share/diff_drive_robot/local_setup.zsh
-- Symlinking: /home/alan-jose-varghese/simulation/MAPF_Sim/install/diff_drive_robot/share/diff_drive_robot/local_setup.dsv
-- Symlinking: /home/alan-jose-varghese/simulation/MAPF_Sim/install/diff_drive_robot/share/diff_drive_robot/package.dsv
-- Symlinking: /home/alan-jose-varghese/simulation/MAPF_Sim/install/diff_drive_robot/share/ament_index/resource_index/packages/diff_drive_robot
-- Symlinking: /home/alan-jose-varghese/simulation/MAPF_Sim/install/diff_drive_robot/share/diff_drive_robot/cmake/diff_drive_robotConfig.cmake
-- Symlinking: /home/alan-jose-varghese/simulation/MAPF_Sim/install/diff_drive_robot/share/diff_drive_robot/cmake/diff_drive_robotConfig-version.cmake
-- Symlinking: /home/alan-jose-varghese/simulation/MAPF_Sim/install/diff_drive_robot/share/diff_drive_robot/package.xml
