-- Install configuration: ""
-- Execute custom install script
-- Up-to-date symlink: /home/alan-jose-varghese/simulation/MAPF_Sim/install/diff_drive_robot/share/diff_drive_robot/launch/robot.launch.py
-- Up-to-date symlink: /home/alan-jose-varghese/simulation/MAPF_Sim/install/diff_drive_robot/share/diff_drive_robot/launch/robot_multi.launch.py
-- Up-to-date symlink: /home/alan-jose-varghese/simulation/MAPF_Sim/install/diff_drive_robot/share/diff_drive_robot/launch/rsp.launch.py
-- Up-to-date symlink: /home/alan-jose-varghese/simulation/MAPF_Sim/install/diff_drive_robot/share/diff_drive_robot/urdf/gazebo_control.xacro
-- Up-to-date symlink: /home/alan-jose-varghese/simulation/MAPF_Sim/install/diff_drive_robot/share/diff_drive_robot/urdf/inertial_macros.xacro
-- Up-to-date symlink: /home/alan-jose-varghese/simulation/MAPF_Sim/install/diff_drive_robot/share/diff_drive_robot/urdf/lidar.xacro
-- Up-to-date symlink: /home/alan-jose-varghese/simulation/MAPF_Sim/install/diff_drive_robot/share/diff_drive_robot/urdf/robot.urdf.xacro
-- Up-to-date symlink: /home/alan-jose-varghese/simulation/MAPF_Sim/install/diff_drive_robot/share/diff_drive_robot/urdf/robot_core.xacro
-- Up-to-date symlink: /home/alan-jose-varghese/simulation/MAPF_Sim/install/diff_drive_robot/share/diff_drive_robot/config/gz_bridge.yaml
-- Up-to-date symlink: /home/alan-jose-varghese/simulation/MAPF_Sim/install/diff_drive_robot/share/diff_drive_robot/worlds/empty.world
-- Up-to-date symlink: /home/alan-jose-varghese/simulation/MAPF_Sim/install/diff_drive_robot/share/diff_drive_robot/worlds/obstacles.world
-- Up-to-date symlink: /home/alan-jose-varghese/simulation/MAPF_Sim/install/diff_drive_robot/share/diff_drive_robot/rviz/bot.rviz
-- Up-to-date symlink: /home/alan-jose-varghese/simulation/MAPF_Sim/install/diff_drive_robot/share/ament_index/resource_index/package_run_dependencies/diff_drive_robot
-- Up-to-date symlink: /home/alan-jose-varghese/simulation/MAPF_Sim/install/diff_drive_robot/share/ament_index/resource_index/parent_prefix_path/diff_drive_robot
-- Up-to-date symlink: /home/alan-jose-varghese/simulation/MAPF_Sim/install/diff_drive_robot/share/diff_drive_robot/environment/ament_prefix_path.sh
-- Up-to-date symlink: /home/alan-jose-varghese/simulation/MAPF_Sim/install/diff_drive_robot/share/diff_drive_robot/environment/ament_prefix_path.dsv
-- Up-to-date symlink: /home/alan-jose-varghese/simulation/MAPF_Sim/install/diff_drive_robot/share/diff_drive_robot/environment/path.sh
-- Up-to-date symlink: /home/alan-jose-varghese/simulation/MAPF_Sim/install/diff_drive_robot/share/diff_drive_robot/environment/path.dsv
-- Up-to-date symlink: /home/alan-jose-varghese/simulation/MAPF_Sim/install/diff_drive_robot/share/diff_drive_robot/local_setup.bash
-- Up-to-date symlink: /home/alan-jose-varghese/simulation/MAPF_Sim/install/diff_drive_robot/share/diff_drive_robot/local_setup.sh
-- Up-to-date symlink: /home/alan-jose-varghese/simulation/MAPF_Sim/install/diff_drive_robot/share/diff_drive_robot/local_setup.zsh
-- Up-to-date symlink: /home/alan-jose-varghese/simulation/MAPF_Sim/install/diff_drive_robot/share/diff_drive_robot/local_setup.dsv
-- Symlinking: /home/alan-jose-varghese/simulation/MAPF_Sim/install/diff_drive_robot/share/diff_drive_robot/package.dsv
-- Up-to-date symlink: /home/alan-jose-varghese/simulation/MAPF_Sim/install/diff_drive_robot/share/ament_index/resource_index/packages/diff_drive_robot
-- Up-to-date symlink: /home/alan-jose-varghese/simulation/MAPF_Sim/install/diff_drive_robot/share/diff_drive_robot/cmake/diff_drive_robotConfig.cmake
-- Up-to-date symlink: /home/alan-jose-varghese/simulation/MAPF_Sim/install/diff_drive_robot/share/diff_drive_robot/cmake/diff_drive_robotConfig-version.cmake
-- Up-to-date symlink: /home/alan-jose-varghese/simulation/MAPF_Sim/install/diff_drive_robot/share/diff_drive_robot/package.xml
